<?xml version="1.0" encoding="UTF-8"?>
<!-- Generated by org.testng.reporters.JUnitReportReporter -->
<testsuite skipped="0" hostname="Monali-PC" name="com.technocredits.orangehrm.testscripts.DashboardTest" tests="1" failures="0" timestamp="30 Oct 2021 20:44:05 GMT" time="25.655" errors="0">
  <testcase name="verifyWidgetsTest" time="25.655" classname="com.technocredits.orangehrm.testscripts.DashboardTest"/>
</testsuite> <!-- com.technocredits.orangehrm.testscripts.DashboardTest -->
